2025-07-30 22:24:53,480 - lottoprophet.main - INFO - Starting LottoProphet application...
2025-07-30 22:25:47,610 - lottoprophet.main - INFO - Starting LottoProphet application...
2025-07-30 22:25:48,719 - lottoprophet.main - ERROR - Failed to import required modules: No module named 'src.models.ml_model'
2025-07-30 22:25:48,719 - lottoprophet.main - ERROR - Please ensure all dependencies are installed.
2025-07-30 22:25:54,550 - lottoprophet.main - INFO - Starting LottoProphet application...
2025-07-30 22:25:55,492 - lottoprophet.main - ERROR - Failed to import required modules: No module named 'src.models.ml_model'
2025-07-30 22:25:55,492 - lottoprophet.main - ERROR - Please ensure all dependencies are installed.
2025-07-30 22:26:12,347 - lottoprophet.main - INFO - Starting LottoProphet application...
2025-07-30 22:27:54,724 - lottoprophet.main - INFO - Starting LottoProphet application...
2025-07-30 22:40:16,992 - lottoprophet.main - INFO - Starting LottoProphet application...
2025-07-30 23:05:53,704 - lottoprophet.main - INFO - Starting LottoProphet application...
2025-07-30 23:08:34,567 - lottoprophet.main - INFO - Starting LottoProphet application...
2025-07-30 23:14:16,964 - lottoprophet.main - INFO - Starting LottoProphet application...
2025-07-30 23:46:36,895 - lottoprophet.main - INFO - Starting LottoProphet application...
2025-07-31 20:20:49,982 - lottoprophet.main - INFO - Starting LottoProphet application...
2025-07-31 21:15:34,157 - lottoprophet.main - INFO - Starting LottoProphet application...
2025-07-31 21:34:50,600 - lottoprophet.main - INFO - Starting LottoProphet application...
2025-07-31 21:36:56,216 - lottoprophet.main - INFO - Starting LottoProphet application...
2025-07-31 21:37:58,176 - lottoprophet.main - INFO - Starting LottoProphet application...
2025-07-31 21:42:29,799 - lottoprophet.main - INFO - Starting LottoProphet application...
2025-07-31 21:44:20,989 - lottoprophet.main - INFO - Starting LottoProphet application...
2025-07-31 21:51:01,828 - lottoprophet.main - INFO - Starting LottoProphet application...
2025-07-31 22:19:02,624 - lottoprophet.main - INFO - Starting LottoProphet application...
2025-07-31 22:19:49,304 - lottoprophet.main - INFO - Starting LottoProphet application...
2025-07-31 22:21:19,949 - lottoprophet.main - INFO - Starting LottoProphet application...
2025-07-31 22:34:49,581 - lottoprophet.main - INFO - Starting LottoProphet application...
2025-07-31 22:45:24,625 - lottoprophet.main - INFO - Starting LottoProphet application...
2025-07-31 22:46:51,086 - lottoprophet.main - INFO - Starting LottoProphet application...
2025-07-31 23:00:06,842 - lottoprophet.main - INFO - Starting LottoProphet application...
2025-07-31 23:08:14,436 - lottoprophet.main - INFO - Starting LottoProphet application...
2025-07-31 23:19:42,468 - lottoprophet.main - INFO - Starting LottoProphet application...
2025-08-03 15:27:22,533 - lottoprophet.main - INFO - Starting LottoProphet application...
2025-08-03 16:06:30,140 - lottoprophet.main - INFO - Starting LottoProphet application...
2025-08-03 21:23:47,641 - lottoprophet.main - INFO - Starting LottoProphet application...
2025-08-03 21:32:32,302 - lottoprophet.main - INFO - Starting LottoProphet application...
2025-08-03 21:50:39,648 - lottoprophet.main - INFO - Starting LottoProphet application...
2025-08-03 22:55:20,719 - lottoprophet.main - INFO - Starting LottoProphet application...
2025-08-03 22:57:14,635 - lottoprophet.main - INFO - Starting LottoProphet application...
2025-08-04 21:31:22,459 - lottoprophet.main - INFO - Starting LottoProphet application...
2025-08-04 21:33:13,210 - lottoprophet.main - INFO - Starting LottoProphet application...
2025-08-04 21:35:13,670 - lottoprophet.main - INFO - Starting LottoProphet application...
2025-08-04 22:53:05,231 - lottoprophet.main - INFO - Starting LottoProphet application...
2025-08-05 20:57:27,298 - lottoprophet.main - INFO - Starting LottoProphet application...
2025-08-05 20:57:29,466 - lottoprophet.main - ERROR - An unexpected error occurred: name 'sys' is not defined
2025-08-05 20:57:39,368 - lottoprophet.main - INFO - Starting LottoProphet application...
2025-08-05 20:57:40,509 - lottoprophet.main - ERROR - An unexpected error occurred: name 'sys' is not defined
2025-08-05 20:58:19,168 - lottoprophet.main - INFO - Starting LottoProphet application...
2025-08-05 20:58:20,436 - lottoprophet.main - ERROR - An unexpected error occurred: name 'sys' is not defined
2025-08-05 20:59:07,342 - lottoprophet.main - INFO - Starting LottoProphet application...
2025-08-05 20:59:08,650 - lottoprophet.main - ERROR - An unexpected error occurred: name 'sys' is not defined
2025-08-05 21:01:04,798 - lottoprophet.main - INFO - Starting LottoProphet application...
2025-08-05 21:01:06,713 - lottoprophet.main - ERROR - An unexpected error occurred: name 'sys' is not defined
2025-08-05 21:01:47,857 - lottoprophet.main - INFO - Starting LottoProphet application...
2025-08-05 21:01:49,432 - lottoprophet.main - ERROR - An unexpected error occurred: name 'sys' is not defined
2025-08-05 21:02:05,775 - lottoprophet.main - INFO - Starting LottoProphet application...
2025-08-05 21:02:06,978 - lottoprophet.main - ERROR - An unexpected error occurred: name 'sys' is not defined
2025-08-05 21:02:21,525 - lottoprophet.main - INFO - Starting LottoProphet application...
2025-08-05 21:02:22,713 - lottoprophet.main - ERROR - An unexpected error occurred: name 'sys' is not defined
2025-08-05 21:02:22,717 - lottoprophet.main - ERROR - Traceback: Traceback (most recent call last):
  File "/Users/lihr/python/LottoProphet/main.py", line 33, in main
    from ui.app import main as ui_main
  File "/Users/lihr/python/LottoProphet/src/ui/app.py", line 27, in <module>
    from models.ml_models import (
  File "/Users/lihr/python/LottoProphet/src/models/__init__.py", line 28, in <module>
    from .ml_models import LotteryMLModels, WrappedGBDTModel, demo
  File "/Users/lihr/python/LottoProphet/src/models/ml_models.py", line 14, in <module>
    from .lstm_timeStep import LSTMTimeStepModel
  File "/Users/lihr/python/LottoProphet/src/models/lstm_timeStep.py", line 23, in <module>
    if project_dir not in sys.path:
NameError: name 'sys' is not defined

2025-08-05 21:02:58,983 - lottoprophet.main - INFO - Starting LottoProphet application...
2025-08-05 21:03:30,141 - lottoprophet.main - INFO - Starting LottoProphet application...
2025-08-05 23:36:18,296 - lottoprophet.main - INFO - Starting LottoProphet application...
2025-08-05 23:39:14,907 - lottoprophet.main - INFO - Starting LottoProphet application...
2025-08-05 23:44:29,913 - lottoprophet.main - INFO - Starting LottoProphet application...
2025-08-05 23:44:46,532 - lottoprophet.main - INFO - Starting LottoProphet application...
2025-08-05 23:48:09,284 - lottoprophet.main - INFO - Starting LottoProphet application...
2025-08-06 20:55:49,309 - lottoprophet.main - INFO - Starting LottoProphet application...
2025-08-06 21:22:48,382 - lottoprophet.main - INFO - Starting LottoProphet application...
2025-08-06 21:41:57,412 - lottoprophet.main - INFO - Starting LottoProphet application...
2025-08-06 21:43:03,943 - lottoprophet.main - INFO - Starting LottoProphet application...
2025-08-06 22:19:31,090 - lottoprophet.main - INFO - Starting LottoProphet application...
2025-08-06 22:20:51,025 - lottoprophet.main - INFO - Starting LottoProphet application...
2025-08-06 22:31:24,958 - lottoprophet.main - INFO - Starting LottoProphet application...
2025-08-06 22:35:11,626 - lottoprophet.main - INFO - Starting LottoProphet application...
2025-08-06 22:41:29,448 - lottoprophet.main - INFO - Starting LottoProphet application...
2025-08-06 22:43:42,095 - lottoprophet.main - INFO - Starting LottoProphet application...
2025-08-06 22:53:52,643 - lottoprophet.main - INFO - Starting LottoProphet application...
2025-08-06 23:11:05,113 - lottoprophet.main - INFO - Starting LottoProphet application...
2025-08-06 23:33:22,943 - lottoprophet.main - INFO - Starting LottoProphet application...
2025-08-06 23:35:45,569 - lottoprophet.main - INFO - Starting LottoProphet application...
2025-08-06 23:37:31,422 - lottoprophet.main - INFO - Starting LottoProphet application...
2025-08-06 23:41:49,745 - lottoprophet.main - INFO - Starting LottoProphet application...
2025-08-06 23:49:52,755 - lottoprophet.main - INFO - Starting LottoProphet application...
2025-08-06 23:51:01,330 - lottoprophet.main - INFO - Starting LottoProphet application...
2025-08-06 23:51:15,850 - lottoprophet.main - INFO - Starting LottoProphet application...
2025-08-06 23:54:25,998 - lottoprophet.main - INFO - Starting LottoProphet application...
2025-08-07 22:22:52,821 - lottoprophet.main - INFO - Starting LottoProphet application...
2025-08-07 22:29:09,051 - lottoprophet.main - INFO - Starting LottoProphet application...
2025-08-07 23:00:06,585 - lottoprophet.main - INFO - Starting LottoProphet application...
2025-08-07 23:01:36,038 - lottoprophet.main - INFO - Starting LottoProphet application...
2025-08-07 23:22:35,340 - lottoprophet.main - INFO - Starting LottoProphet application...
2025-08-07 23:26:10,506 - lottoprophet.main - INFO - Starting LottoProphet application...
2025-08-08 00:04:05,849 - lottoprophet.main - INFO - Starting LottoProphet application...
2025-08-08 21:08:11,036 - lottoprophet.main - INFO - Starting LottoProphet application...
2025-08-08 22:11:00,050 - lottoprophet.main - INFO - Starting LottoProphet application...
2025-08-08 22:13:12,310 - lottoprophet.main - INFO - Starting LottoProphet application...
2025-08-08 22:17:06,475 - lottoprophet.main - INFO - Starting LottoProphet application...
2025-08-08 22:23:32,818 - lottoprophet.main - INFO - Starting LottoProphet application...
2025-08-08 22:31:18,954 - lottoprophet.main - INFO - Starting LottoProphet application...
2025-08-08 23:17:35,003 - lottoprophet.main - INFO - Starting LottoProphet application...
2025-08-08 23:20:32,518 - lottoprophet.main - INFO - Starting LottoProphet application...
2025-08-08 23:27:33,264 - lottoprophet.main - INFO - Starting LottoProphet application...
2025-08-08 23:28:43,407 - lottoprophet.main - INFO - Starting LottoProphet application...
2025-08-09 12:34:13,336 - lottoprophet.main - INFO - Starting LottoProphet application...
2025-08-09 13:23:46,561 - lottoprophet.main - INFO - Starting LottoProphet application...
2025-08-09 14:11:46,635 - lottoprophet.main - INFO - Starting LottoProphet application...
2025-08-09 14:16:48,699 - lottoprophet.main - INFO - Starting LottoProphet application...
2025-08-09 14:33:02,745 - lottoprophet.main - INFO - Starting LottoProphet application...
2025-08-09 15:02:08,048 - lottoprophet.main - INFO - Starting LottoProphet application...
2025-08-09 15:03:13,164 - lottoprophet.main - INFO - Starting LottoProphet application...
2025-08-09 15:04:29,617 - lottoprophet.main - INFO - Starting LottoProphet application...
2025-08-09 15:05:29,304 - lottoprophet.main - INFO - Starting LottoProphet application...
2025-08-09 15:06:02,689 - lottoprophet.main - INFO - Starting LottoProphet application...
2025-08-09 15:25:36,242 - lottoprophet.main - INFO - Starting LottoProphet application...
2025-08-09 16:56:16,495 - lottoprophet.main - INFO - Starting LottoProphet application...
2025-08-09 16:58:49,011 - lottoprophet.main - INFO - Starting LottoProphet application...
2025-08-09 17:07:50,080 - lottoprophet.main - INFO - Starting LottoProphet application...
2025-08-09 17:21:15,569 - lottoprophet.main - INFO - Starting LottoProphet application...
2025-08-09 17:27:17,237 - lottoprophet.main - INFO - Starting LottoProphet application...
2025-08-09 17:36:13,309 - lottoprophet.main - INFO - Starting LottoProphet application...
2025-08-09 17:39:45,285 - lottoprophet.main - INFO - Starting LottoProphet application...
2025-08-09 17:46:44,849 - lottoprophet.main - INFO - Starting LottoProphet application...
2025-08-09 17:47:49,503 - lottoprophet.main - INFO - Starting LottoProphet application...
2025-08-09 17:50:38,896 - lottoprophet.main - INFO - Starting LottoProphet application...
2025-08-09 17:52:23,534 - lottoprophet.main - INFO - Starting LottoProphet application...
2025-08-09 17:56:01,659 - lottoprophet.main - INFO - Starting LottoProphet application...
